<?xml version="1.0" encoding="UTF-8"?>
<!-- Generated by org.testng.reporters.JUnitReportReporter -->
<testsuite hostname="DESKTOP-P2R4BJQ" failures="0" tests="1" name="testCases.TC_001_AccountRegistrationTest" time="2.098" errors="0" timestamp="2023-08-30T14:51:54 IST" skipped="0">
  <testcase classname="testCases.TC_001_AccountRegistrationTest" name="test_Account_Registration" time="2.098"/>
</testsuite> <!-- testCases.TC_001_AccountRegistrationTest -->
