<?xml version="1.0" encoding="UTF-8"?>
<!-- Generated by org.testng.reporters.JUnitReportReporter -->
<testsuite hostname="DESKTOP-P2R4BJQ" failures="0" tests="1" name="testCases.LogIn" time="13.176" errors="0" timestamp="2023-09-15T07:16:41 IST" skipped="0">
  <testcase classname="testCases.LogIn" name="test_login" time="13.176"/>
</testsuite> <!-- testCases.LogIn -->
