<?xml version="1.0" encoding="UTF-8"?>
<!-- Generated by org.testng.reporters.JUnitReportReporter -->
<testsuite hostname="DESKTOP-P2R4BJQ" failures="0" tests="1" name="testCases.TC_002_LoginTest" time="1.449" errors="0" timestamp="2023-08-30T15:16:08 IST" skipped="0">
  <testcase classname="testCases.TC_002_LoginTest" name="test_Login" time="1.449"/>
</testsuite> <!-- testCases.TC_002_LoginTest -->
