<?xml version="1.0" encoding="UTF-8"?>
<!-- Generated by org.testng.reporters.JUnitReportReporter -->
<testsuite hostname="DESKTOP-P2R4BJQ" failures="0" tests="1" name="testCases.TC_001_AccountRegistrationTest" time="1.952" errors="0" timestamp="2023-08-30T15:16:08 IST" skipped="0">
  <testcase classname="testCases.TC_001_AccountRegistrationTest" name="test_Account_Registration" time="1.952"/>
</testsuite> <!-- testCases.TC_001_AccountRegistrationTest -->
