<?xml version="1.0" encoding="UTF-8"?>
<!-- Generated by org.testng.reporters.JUnitReportReporter -->
<testsuite hostname="DESKTOP-P2R4BJQ" failures="0" tests="1" name="testCases.TC_001_AccountRegistrationTest" time="3.631" errors="0" timestamp="2023-09-01T19:28:58 IST" skipped="0">
  <testcase classname="testCases.TC_001_AccountRegistrationTest" name="test_Account_Registration" time="3.631"/>
</testsuite> <!-- testCases.TC_001_AccountRegistrationTest -->
